
> anesthesia-workers-backend@1.0.0 dev
> nodemon server.js

[33m[nodemon] 3.1.14[39m
[33m[nodemon] to restart at any time, enter `rs`[39m
[33m[nodemon] watching path(s): *.*[39m
[33m[nodemon] watching extensions: js,mjs,cjs,json[39m
[32m[nodemon] starting `node server.js`[39m
ŌŚć injecting env (12) from .env // tip: Ōīü auth for agents [www.vestauth.com]
Ō£ō Database schema initialized
Ō£ō site_allowed_jobs table initialized
Ō£ō Migrations complete
Ō£ō Database seeded
Ō£ō App initialized
node:events:487
      throw er; // Unhandled 'error' event
      ^

Error: listen EADDRINUSE: address already in use :::5001
    at Server.setupListenHandle [as _listen2] (node:net:2008:16)
    at listenInCluster (node:net:2065:12)
    at Server.listen (node:net:2170:7)
    at app.listen (C:\project002\backend\node_modules\express\lib\application.js:635:24)
    at start (C:\project002\backend\server.js:5470:9)
    at process.processTicksAndRejections (node:internal/process/task_queues:104:5)
Emitted 'error' event on Server instance at:
    at emitErrorNT (node:net:2044:8)
    at process.processTicksAndRejections (node:internal/process/task_queues:90:21) {
  code: 'EADDRINUSE',
  errno: -4091,
  syscall: 'listen',
  address: '::',
  port: 5001
}

Node.js v25.9.0
[31m[nodemon] app crashed - waiting for file changes before starting...[39m
[32m[nodemon] restarting due to changes...[39m
[32m[nodemon] starting `node server.js`[39m
ŌŚć injecting env (12) from .env // tip: ŌŚł encrypted .env [www.dotenvx.com]
Ō£ō Database schema initialized
Ō£ō site_allowed_jobs table initialized
[32m[nodemon] restarting due to changes...[39m
[32m[nodemon] starting `node server.js`[39m
ŌŚć injecting env (12) from .env // tip: Ōīś enable debugging { debug: true }
[32m[nodemon] restarting due to changes...[39m
[32m[nodemon] starting `node server.js`[39m
ŌŚć injecting env (12) from .env // tip: ŌŚł secrets for agents [www.dotenvx.com]
Ō£ō Database schema initialized
Ō£ō site_allowed_jobs table initialized
Ō£ō Migrations complete
Ō£ō Database seeded
Ō£ō App initialized
node:events:487
      throw er; // Unhandled 'error' event
      ^

Error: listen EADDRINUSE: address already in use :::5001
    at Server.setupListenHandle [as _listen2] (node:net:2008:16)
    at listenInCluster (node:net:2065:12)
    at Server.listen (node:net:2170:7)
    at app.listen (C:\project002\backend\node_modules\express\lib\application.js:635:24)
    at start (C:\project002\backend\server.js:5470:9)
    at process.processTicksAndRejections (node:internal/process/task_queues:104:5)
Emitted 'error' event on Server instance at:
    at emitErrorNT (node:net:2044:8)
    at process.processTicksAndRejections (node:internal/process/task_queues:90:21) {
  code: 'EADDRINUSE',
  errno: -4091,
  syscall: 'listen',
  address: '::',
  port: 5001
}

Node.js v25.9.0
[31m[nodemon] app crashed - waiting for file changes before starting...[39m
[32m[nodemon] restarting due to changes...[39m
[32m[nodemon] starting `node server.js`[39m
ŌŚć injecting env (12) from .env // tip: Ōīś suppress logs { quiet: true }
Ō£ō Database schema initialized
Ō£ō site_allowed_jobs table initialized
Ō£ō Migrations complete
Ō£ō Database seeded
Ō£ō App initialized
Backend running on port 5001
[32m[nodemon] restarting due to changes...[39m
[32m[nodemon] starting `node server.js`[39m
ŌŚć injecting env (12) from .env // tip: ŌŚł secrets for agents [www.dotenvx.com]
[32m[nodemon] restarting due to changes...[39m
[32m[nodemon] starting `node server.js`[39m
ŌŚć injecting env (12) from .env // tip: Ōīś multiple files { path: ['.env.local', '.env'] }
[32m[nodemon] restarting due to changes...[39m
[32m[nodemon] starting `node server.js`[39m
ŌŚć injecting env (12) from .env // tip: Ōīü auth for agents [www.vestauth.com]
Ō£ō Database schema initialized
Ō£ō site_allowed_jobs table initialized
Ō£ō Migrations complete
Ō£ō Database seeded
Ō£ō App initialized
node:events:487
      throw er; // Unhandled 'error' event
      ^

Error: listen EADDRINUSE: address already in use :::5001
    at Server.setupListenHandle [as _listen2] (node:net:2008:16)
    at listenInCluster (node:net:2065:12)
    at Server.listen (node:net:2170:7)
    at app.listen (C:\project002\backend\node_modules\express\lib\application.js:635:24)
    at start (C:\project002\backend\server.js:5472:9)
    at process.processTicksAndRejections (node:internal/process/task_queues:104:5)
Emitted 'error' event on Server instance at:
    at emitErrorNT (node:net:2044:8)
    at process.processTicksAndRejections (node:internal/process/task_queues:90:21) {
  code: 'EADDRINUSE',
  errno: -4091,
  syscall: 'listen',
  address: '::',
  port: 5001
}

Node.js v25.9.0
[31m[nodemon] app crashed - waiting for file changes before starting...[39m
[32m[nodemon] restarting due to changes...[39m
[32m[nodemon] starting `node server.js`[39m
ŌŚć injecting env (12) from .env // tip: Ōīś multiple files { path: ['.env.local', '.env'] }
Ō£ō Database schema initialized
[32m[nodemon] restarting due to changes...[39m
Ō£ō site_allowed_jobs table initialized
[32m[nodemon] starting `node server.js`[39m
ŌŚć injecting env (12) from .env // tip: Ōīś multiple files { path: ['.env.local', '.env'] }
Ō£ō Database schema initialized
Ō£ō site_allowed_jobs table initialized
Ō£ō Migrations complete
Ō£ō Database seeded
Ō£ō App initialized
Backend running on port 5001
[32m[nodemon] restarting due to changes...[39m
[32m[nodemon] starting `node server.js`[39m
ŌŚć injecting env (12) from .env // tip: Ōīś override existing { override: true }
Ō£ō Database schema initialized
Ō£ō site_allowed_jobs table initialized
Ō£ō Migrations complete
Ō£ō Database seeded
Ō£ō App initialized
Backend running on port 5001
Get workers error: error: syntax error at or near "TRUE"
    at C:\project002\backend\node_modules\pg-pool\index.js:45:11
    at process.processTicksAndRejections (node:internal/process/task_queues:104:5)
    at async C:\project002\backend\server.js:736:23 {
  length: 94,
  severity: 'ERROR',
  code: '42601',
  detail: undefined,
  hint: undefined,
  position: '859',
  internalPosition: undefined,
  internalQuery: undefined,
  where: undefined,
  schema: undefined,
  table: undefined,
  column: undefined,
  dataType: undefined,
  constraint: undefined,
  file: 'scan.l',
  line: '1236',
  routine: 'scanner_yyerror'
}
Get workers error: error: syntax error at or near "TRUE"
    at C:\project002\backend\node_modules\pg-pool\index.js:45:11
    at process.processTicksAndRejections (node:internal/process/task_queues:104:5)
    at async C:\project002\backend\server.js:736:23 {
  length: 94,
  severity: 'ERROR',
  code: '42601',
  detail: undefined,
  hint: undefined,
  position: '859',
  internalPosition: undefined,
  internalQuery: undefined,
  where: undefined,
  schema: undefined,
  table: undefined,
  column: undefined,
  dataType: undefined,
  constraint: undefined,
  file: 'scan.l',
  line: '1236',
  routine: 'scanner_yyerror'
}
Get workers error: error: syntax error at or near "TRUE"
    at C:\project002\backend\node_modules\pg-pool\index.js:45:11
    at process.processTicksAndRejections (node:internal/process/task_queues:104:5)
    at async C:\project002\backend\server.js:736:23 {
  length: 94,
  severity: 'ERROR',
  code: '42601',
  detail: undefined,
  hint: undefined,
  position: '859',
  internalPosition: undefined,
  internalQuery: undefined,
  where: undefined,
  schema: undefined,
  table: undefined,
  column: undefined,
  dataType: undefined,
  constraint: undefined,
  file: 'scan.l',
  line: '1236',
  routine: 'scanner_yyerror'
}
[32m[nodemon] restarting due to changes...[39m
[32m[nodemon] starting `node server.js`[39m
ŌŚć injecting env (12) from .env // tip: ŌŚł encrypted .env [www.dotenvx.com]
Ō£ō Database schema initialized
Ō£ō site_allowed_jobs table initialized
Ō£ō Migrations complete
Ō£ō Database seeded
Ō£ō App initialized
node:events:487
      throw er; // Unhandled 'error' event
      ^

Error: listen EADDRINUSE: address already in use :::5001
    at Server.setupListenHandle [as _listen2] (node:net:2008:16)
    at listenInCluster (node:net:2065:12)
    at Server.listen (node:net:2170:7)
    at app.listen (C:\project002\backend\node_modules\express\lib\application.js:635:24)
    at start (C:\project002\backend\server.js:5472:9)
    at process.processTicksAndRejections (node:internal/process/task_queues:104:5)
Emitted 'error' event on Server instance at:
    at emitErrorNT (node:net:2044:8)
    at process.processTicksAndRejections (node:internal/process/task_queues:90:21) {
  code: 'EADDRINUSE',
  errno: -4091,
  syscall: 'listen',
  address: '::',
  port: 5001
}

Node.js v25.9.0
[31m[nodemon] app crashed - waiting for file changes before starting...[39m
[32m[nodemon] restarting due to changes...[39m
[32m[nodemon] starting `node server.js`[39m
[32m[nodemon] restarting due to changes...[39m
ŌŚć injecting env (12) from .env // tip: Ōīś enable debugging { debug: true }
[32m[nodemon] starting `node server.js`[39m
ŌŚć injecting env (12) from .env // tip: Ōīś suppress logs { quiet: true }
[32m[nodemon] restarting due to changes...[39m
[32m[nodemon] restarting due to changes...[39m
[32m[nodemon] starting `node server.js`[39m
ŌŚć injecting env (12) from .env // tip: Ōīü auth for agents [www.vestauth.com]
Ō£ō Database schema initialized
Ō£ō site_allowed_jobs table initialized
Ō£ō Migrations complete
Ō£ō Database seeded
Ō£ō App initialized
node:events:487
      throw er; // Unhandled 'error' event
      ^

Error: listen EADDRINUSE: address already in use :::5001
    at Server.setupListenHandle [as _listen2] (node:net:2008:16)
    at listenInCluster (node:net:2065:12)
    at Server.listen (node:net:2170:7)
    at app.listen (C:\project002\backend\node_modules\express\lib\application.js:635:24)
    at start (C:\project002\backend\server.js:5472:9)
    at process.processTicksAndRejections (node:internal/process/task_queues:104:5)
Emitted 'error' event on Server instance at:
    at emitErrorNT (node:net:2044:8)
    at process.processTicksAndRejections (node:internal/process/task_queues:90:21) {
  code: 'EADDRINUSE',
  errno: -4091,
  syscall: 'listen',
  address: '::',
  port: 5001
}

Node.js v25.9.0
[31m[nodemon] app crashed - waiting for file changes before starting...[39m
ō site_allowed_jobs table initialized
Ō£ō Migrations complete
Ō£ō Database seeded
Ō£ō App initialized
node:events:487
      throw er; // Unhandled 'error' event
      ^

Error: listen EADDRINUSE: address already in use :::5001
    at Server.setupListenHandle [as _listen2] (node:net:2008:16)
    at listenInCluster (node:net:2065:12)
    at Server.listen (node:net:2170:7)
    at app.listen (C:\project002\backeŌ£ō Migrations complete
Ō£ō Database seeded
Ō£ō App initialized
node:events:487
      throw er; // Unhandled 'error' event
      ^

Error: listen EADDRINUSE: address already in use :::5001
    at Server.setupListenHandle [as _listen2] (node:net:2008:16)
    at listenInCluster (node:net:2065:12)
    at Server.listen (node:net:2170:7)
    at app.listen (C:\project002\backend\node_modules\express\lib\application.js:635:24)
    at start (C:\project002\backend\server.js:5472:9)
    at process.processTicksAndRejections (node:internal/process/tas[32m[nodemon] restarting due to changes...[39m
[32m[nodemon] starting `node server.js`[39m
[32m[nodemon] restarting due to changes...[39m
ŌŚć injecting env (12) from .env // tip: Ōīü auth for agents [www.vestauth.com]
[32m[nodemon] starting `node server.js`[39m
ŌŚć injecting env (12) from .env // tip: Ōīś multiple files { path: ['.env.local', '.env'] }
[32m[nodemon] restarting due to changes...[39m
[32m[nodemon] restarting due to changes...[39m
[32m[nodemon] starting `node server.js`[39m
ŌŚć injecting env (12) from .env // tip: ŌŚł encrypted .env [www.dotenvx.com]
Ō£ō Database schema initialized
Ō£ō site_allowed_jobs table initialized
Ō£ō Migrations complete
Ō£ō Database seeded
Ō£ō App initialized
node:events:487
      throw er; // Unhandled 'error' event
      ^

Error: listen EADDRINUSE: address already in use 